  Common.cpp
D:\ZS Engine\Core\Common.cpp(14,73): warning C4244: 'argument' : conversion de 'T' en 'T', perte possible de données
D:\ZS Engine\Core\Common.cpp(14,73): warning C4244:         with
D:\ZS Engine\Core\Common.cpp(14,73): warning C4244:         [
D:\ZS Engine\Core\Common.cpp(14,73): warning C4244:             T=unsigned int
D:\ZS Engine\Core\Common.cpp(14,73): warning C4244:         ]
D:\ZS Engine\Core\Common.cpp(14,73): warning C4244:         and
D:\ZS Engine\Core\Common.cpp(14,73): warning C4244:         [
D:\ZS Engine\Core\Common.cpp(14,73): warning C4244:             T=float
D:\ZS Engine\Core\Common.cpp(14,73): warning C4244:         ]
D:\ZS Engine\Core\Common.cpp(14,55): warning C4244: 'argument' : conversion de 'T' en 'T', perte possible de données
D:\ZS Engine\Core\Common.cpp(14,55): warning C4244:         with
D:\ZS Engine\Core\Common.cpp(14,55): warning C4244:         [
D:\ZS Engine\Core\Common.cpp(14,55): warning C4244:             T=unsigned int
D:\ZS Engine\Core\Common.cpp(14,55): warning C4244:         ]
D:\ZS Engine\Core\Common.cpp(14,55): warning C4244:         and
D:\ZS Engine\Core\Common.cpp(14,55): warning C4244:         [
D:\ZS Engine\Core\Common.cpp(14,55): warning C4244:             T=float
D:\ZS Engine\Core\Common.cpp(14,55): warning C4244:         ]
D:\ZS Engine\Core\Common.cpp(30,28): warning C4018: '<' : incompatibilité signed/unsigned
D:\ZS Engine\Core\Common.cpp(31,28): warning C4018: '<' : incompatibilité signed/unsigned
  imgui-SFML.cpp
  imgui.cpp
  imgui_demo.cpp
  imgui_draw.cpp
  imgui_tables.cpp
  imgui_widgets.cpp
  Component.cpp
  Grid.cpp
  MonoBehaviour.cpp
  Tilemap.cpp
D:\ZS Engine\Core\Engine\GameObject\Component\Tilemap\Tilemap.cpp(17,26): warning C4267: 'argument' : conversion de 'size_t' en 'T', perte possible de données
D:\ZS Engine\Core\Engine\GameObject\Component\Tilemap\Tilemap.cpp(17,26): warning C4267:         with
D:\ZS Engine\Core\Engine\GameObject\Component\Tilemap\Tilemap.cpp(17,26): warning C4267:         [
D:\ZS Engine\Core\Engine\GameObject\Component\Tilemap\Tilemap.cpp(17,26): warning C4267:             T=int
D:\ZS Engine\Core\Engine\GameObject\Component\Tilemap\Tilemap.cpp(17,26): warning C4267:         ]
D:\ZS Engine\Core\Engine\GameObject\Component\Tilemap\Tilemap.cpp(16,28): warning C4267: 'argument' : conversion de 'size_t' en 'T', perte possible de données
D:\ZS Engine\Core\Engine\GameObject\Component\Tilemap\Tilemap.cpp(16,28): warning C4267:         with
D:\ZS Engine\Core\Engine\GameObject\Component\Tilemap\Tilemap.cpp(16,28): warning C4267:         [
D:\ZS Engine\Core\Engine\GameObject\Component\Tilemap\Tilemap.cpp(16,28): warning C4267:             T=int
D:\ZS Engine\Core\Engine\GameObject\Component\Tilemap\Tilemap.cpp(16,28): warning C4267:         ]
  GameObject.cpp
D:\ZS Engine\Core\Engine\GameObject\GameObject.cpp(114,16): warning C4267: 'initialisation' : conversion de 'size_t' en 'int', perte possible de données
  ZS.cpp
  Main.cpp
D:\ZS Engine\Core\Main.cpp(11,12): warning C4244: 'argument' : conversion de 'time_t' en 'unsigned int', perte possible de données
  ConvexHull.cpp
D:\ZS Engine\Core\Utils\ConvexHull\ConvexHull.cpp(5,11): warning C4267: 'initialisation' : conversion de 'size_t' en 'int', perte possible de données
  Math.cpp
  Génération de code en cours...
  Core.vcxproj -> D:\ZS Engine\x64\Debug\Core.exe
